<?xml version="1.0" encoding="UTF-8"?>
<!-- Generated by org.testng.reporters.JUnitXMLReporter -->
<testsuite hostname="Home_PC" name="Login test" tests="2" failures="1" timestamp="20 Jan 2018 21:35:33 GMT" time="34.352" errors="0">
  <testcase name="testRegistraionWithValidData" time="14.736" classname="com.companyname.projectname.testscripts.TC002_testRegistraion">
    <failure type="java.lang.AssertionError" message="Registration test is fail expected [true] but found [false]">
      <![CDATA[java.lang.AssertionError: Registration test is fail expected [true] but found [false]
	at com.companyname.projectname.testscripts.TC002_testRegistraion.testRegistraionWithValidData(TC002_testRegistraion.java:48)
... Removed 27 stack frames]]>
    </failure>
  </testcase> <!-- testRegistraionWithValidData -->
  <testcase name="testRegistraionWithInvalidData" time="4.526" classname="com.companyname.projectname.testscripts.TC002_testRegistraion"/>
</testsuite> <!-- Login test -->
