<?xml version="1.0" encoding="UTF-8"?>
<!-- Generated by org.testng.reporters.JUnitXMLReporter -->
<testsuite hostname="Home_PC" name="Registration" tests="2" failures="1" timestamp="20 Jan 2018 21:26:52 GMT" time="27.831" errors="0">
  <testcase name="testRegistraionWithValidData" time="15.277" classname="com.companyname.projectname.testscripts.TC002_testRegistraion">
    <failure type="java.lang.AssertionError" message="Registration test is fail expected [true] but found [false]">
      <![CDATA[java.lang.AssertionError: Registration test is fail expected [true] but found [false]
	at com.companyname.projectname.testscripts.TC002_testRegistraion.testRegistraionWithValidData(TC002_testRegistraion.java:48)
... Removed 27 stack frames]]>
    </failure>
  </testcase> <!-- testRegistraionWithValidData -->
  <testcase name="testRegistraionWithInvalidData" time="4.222" classname="com.companyname.projectname.testscripts.TC002_testRegistraion"/>
</testsuite> <!-- Registration -->
